<?xml version="1.0" encoding="UTF-8"?>
<!-- Generated by org.testng.reporters.JUnitReportReporter -->
<testsuite hostname="mohans-MacBook-Pro.local" name="apptimizeSample.signUpTest" tests="1" failures="0" timestamp="15 May 2017 05:23:35 GMT" time="4.555" errors="0">
  <testcase name="testLogin" time="4.555" classname="apptimizeSample.signUpTest"/>
</testsuite> <!-- apptimizeSample.signUpTest -->
